VRPortfolio/Library/Bee/Android/Prj/IL2CPP/Gradle/launcher/build/intermediates/manifest_merge_blame_file/debug/manifest-merger-blame-debug-report.txt
1<?xml version="1.0" encoding="utf-8"?>
2<manifest xmlns:android="http://schemas.android.com/apk/res/android"
3    package="com.DefaultCompany.VRPortfolio"
4    android:installLocation="preferExternal"
5    android:versionCode="1"
6    android:versionName="0.1" >
7
8    <uses-sdk
9        android:minSdkVersion="32"
9-->src\main\AndroidManifest.xml
10        android:targetSdkVersion="33" />
10-->src\main\AndroidManifest.xml
11
12    <supports-screens
12-->src\main\AndroidManifest.xml:4:3-163
13        android:anyDensity="true"
13-->src\main\AndroidManifest.xml:4:135-160
14        android:largeScreens="true"
14-->src\main\AndroidManifest.xml:4:78-105
15        android:normalScreens="true"
15-->src\main\AndroidManifest.xml:4:49-77
16        android:smallScreens="true"
16-->src\main\AndroidManifest.xml:4:21-48
17        android:xlargeScreens="true" />
17-->src\main\AndroidManifest.xml:4:106-134
18
19    <uses-permission android:name="android.permission.INTERNET" />
19-->[:unityLibrary] AndroidManifest.xml:11:5-67
19-->[:unityLibrary] AndroidManifest.xml:11:22-64
20
21    <uses-feature android:glEsVersion="0x00030000" />
21-->[:unityLibrary] AndroidManifest.xml:13:5-54
21-->[:unityLibrary] AndroidManifest.xml:13:19-51
22    <uses-feature
22-->[:unityLibrary] AndroidManifest.xml:14:5-16:36
23        android:name="android.hardware.vulkan.version"
23-->[:unityLibrary] AndroidManifest.xml:15:9-55
24        android:required="false" />
24-->[:unityLibrary] AndroidManifest.xml:16:9-33
25    <uses-feature
25-->[:unityLibrary] AndroidManifest.xml:17:5-19:36
26        android:name="android.hardware.touchscreen"
26-->[:unityLibrary] AndroidManifest.xml:18:9-52
27        android:required="false" />
27-->[:unityLibrary] AndroidManifest.xml:19:9-33
28    <uses-feature
28-->[:unityLibrary] AndroidManifest.xml:20:5-22:36
29        android:name="android.hardware.touchscreen.multitouch"
29-->[:unityLibrary] AndroidManifest.xml:21:9-63
30        android:required="false" />
30-->[:unityLibrary] AndroidManifest.xml:22:9-33
31    <uses-feature
31-->[:unityLibrary] AndroidManifest.xml:23:5-25:36
32        android:name="android.hardware.touchscreen.multitouch.distinct"
32-->[:unityLibrary] AndroidManifest.xml:24:9-72
33        android:required="false" />
33-->[:unityLibrary] AndroidManifest.xml:25:9-33
34    <uses-feature
34-->[:unityLibrary] AndroidManifest.xml:26:5-29:31
35        android:name="android.hardware.vr.headtracking"
35-->[:unityLibrary] AndroidManifest.xml:27:9-56
36        android:required="true"
36-->[:unityLibrary] AndroidManifest.xml:28:9-32
37        android:version="1" />
37-->[:unityLibrary] AndroidManifest.xml:29:9-28
38
39    <application
39-->src\main\AndroidManifest.xml:3:3-83
40        android:debuggable="true"
41        android:extractNativeLibs="true"
41-->[:unityLibrary] AndroidManifest.xml:31:18-50
42        android:icon="@mipmap/app_icon"
42-->src\main\AndroidManifest.xml:3:49-80
43        android:label="@string/app_name" >
43-->src\main\AndroidManifest.xml:3:16-48
44        <meta-data
44-->[:unityLibrary] AndroidManifest.xml:32:9-34:33
45            android:name="unity.splash-mode"
45-->[:unityLibrary] AndroidManifest.xml:33:13-45
46            android:value="0" />
46-->[:unityLibrary] AndroidManifest.xml:34:13-30
47        <meta-data
47-->[:unityLibrary] AndroidManifest.xml:35:9-37:36
48            android:name="unity.splash-enable"
48-->[:unityLibrary] AndroidManifest.xml:36:13-47
49            android:value="True" />
49-->[:unityLibrary] AndroidManifest.xml:37:13-33
50        <meta-data
50-->[:unityLibrary] AndroidManifest.xml:38:9-40:36
51            android:name="unity.launch-fullscreen"
51-->[:unityLibrary] AndroidManifest.xml:39:13-51
52            android:value="True" />
52-->[:unityLibrary] AndroidManifest.xml:40:13-33
53        <meta-data
53-->[:unityLibrary] AndroidManifest.xml:41:9-43:37
54            android:name="unity.allow-resizable-window"
54-->[:unityLibrary] AndroidManifest.xml:42:13-56
55            android:value="False" />
55-->[:unityLibrary] AndroidManifest.xml:43:13-34
56        <meta-data
56-->[:unityLibrary] AndroidManifest.xml:44:9-46:50
57            android:name="notch.config"
57-->[:unityLibrary] AndroidManifest.xml:45:13-40
58            android:value="portrait|landscape" />
58-->[:unityLibrary] AndroidManifest.xml:46:13-47
59        <meta-data
59-->[:unityLibrary] AndroidManifest.xml:47:9-49:36
60            android:name="unity.auto-report-fully-drawn"
60-->[:unityLibrary] AndroidManifest.xml:48:13-57
61            android:value="true" />
61-->[:unityLibrary] AndroidManifest.xml:49:13-33
62
63        <activity
63-->[:unityLibrary] AndroidManifest.xml:51:9-77:20
64            android:name="com.unity3d.player.UnityPlayerActivity"
64-->[:unityLibrary] AndroidManifest.xml:52:13-66
65            android:configChanges="keyboard|keyboardHidden|navigation|orientation|screenLayout|screenSize|uiMode|density"
65-->[:unityLibrary] AndroidManifest.xml:53:13-122
66            android:exported="true"
66-->[:unityLibrary] AndroidManifest.xml:54:13-36
67            android:hardwareAccelerated="false"
67-->[:unityLibrary] AndroidManifest.xml:55:13-48
68            android:launchMode="singleTask"
68-->[:unityLibrary] AndroidManifest.xml:56:13-44
69            android:resizeableActivity="false"
69-->[:unityLibrary] AndroidManifest.xml:57:13-47
70            android:screenOrientation="landscape"
70-->[:unityLibrary] AndroidManifest.xml:58:13-50
71            android:theme="@android:style/Theme.Black.NoTitleBar.Fullscreen" >
71-->[:unityLibrary] AndroidManifest.xml:59:13-77
72            <intent-filter>
72-->[:unityLibrary] AndroidManifest.xml:60:13-66:29
73                <category android:name="android.intent.category.LAUNCHER" />
73-->[:unityLibrary] AndroidManifest.xml:61:17-77
73-->[:unityLibrary] AndroidManifest.xml:61:27-74
74
75                <action android:name="android.intent.action.MAIN" />
75-->[:unityLibrary] AndroidManifest.xml:63:17-69
75-->[:unityLibrary] AndroidManifest.xml:63:25-66
76
77                <category android:name="com.oculus.intent.category.VR" />
77-->[:unityLibrary] AndroidManifest.xml:65:17-74
77-->[:unityLibrary] AndroidManifest.xml:65:27-71
78            </intent-filter>
79
80            <meta-data
80-->[:unityLibrary] AndroidManifest.xml:68:13-70:40
81                android:name="unityplayer.UnityActivity"
81-->[:unityLibrary] AndroidManifest.xml:69:17-57
82                android:value="true" />
82-->[:unityLibrary] AndroidManifest.xml:70:17-37
83            <meta-data
83-->[:unityLibrary] AndroidManifest.xml:71:13-73:40
84                android:name="notch_support"
84-->[:unityLibrary] AndroidManifest.xml:72:17-45
85                android:value="true" />
85-->[:unityLibrary] AndroidManifest.xml:73:17-37
86            <meta-data
86-->[:unityLibrary] AndroidManifest.xml:74:13-76:40
87                android:name="com.oculus.vr.focusaware"
87-->[:unityLibrary] AndroidManifest.xml:75:17-56
88                android:value="true" />
88-->[:unityLibrary] AndroidManifest.xml:76:17-37
89        </activity>
90
91        <meta-data
91-->[:unityLibrary] AndroidManifest.xml:79:9-81:39
92            android:name="com.samsung.android.vr.application.mode"
92-->[:unityLibrary] AndroidManifest.xml:80:13-67
93            android:value="vr_only" />
93-->[:unityLibrary] AndroidManifest.xml:81:13-36
94        <meta-data
94-->[:unityLibrary] AndroidManifest.xml:82:9-84:37
95            android:name="com.unity.xr.oculus.LowOverheadMode"
95-->[:unityLibrary] AndroidManifest.xml:83:13-63
96            android:value="false" />
96-->[:unityLibrary] AndroidManifest.xml:84:13-34
97        <meta-data
97-->[:unityLibrary] AndroidManifest.xml:85:9-87:37
98            android:name="com.unity.xr.oculus.LateLatching"
98-->[:unityLibrary] AndroidManifest.xml:86:13-60
99            android:value="false" />
99-->[:unityLibrary] AndroidManifest.xml:87:13-34
100        <meta-data
100-->[:unityLibrary] AndroidManifest.xml:88:9-90:37
101            android:name="com.unity.xr.oculus.LateLatchingDebug"
101-->[:unityLibrary] AndroidManifest.xml:89:13-65
102            android:value="false" />
102-->[:unityLibrary] AndroidManifest.xml:90:13-34
103        <meta-data
103-->[:unityLibrary] AndroidManifest.xml:91:9-93:38
104            android:name="com.oculus.supportedDevices"
104-->[:unityLibrary] AndroidManifest.xml:92:13-55
105            android:value="quest2" />
105-->[:unityLibrary] AndroidManifest.xml:93:13-35
106    </application>
107
108</manifest>